Determining if the pthread_create exist failed with the following output:
Change Dir: /home/jin/workspace/catkin_ws/src/xpp/robots/xpp_hyq/build/CMakeFiles/CMakeTmp

Run Build Command:"/usr/bin/make" "cmTC_b86b0/fast"
/usr/bin/make -f CMakeFiles/cmTC_b86b0.dir/build.make CMakeFiles/cmTC_b86b0.dir/build
make[1]: Entering directory '/home/jin/db/xpp/robots/xpp_hyq/build/CMakeFiles/CMakeTmp'
Building C object CMakeFiles/cmTC_b86b0.dir/CheckSymbolExists.c.o
/usr/bin/cc    -o CMakeFiles/cmTC_b86b0.dir/CheckSymbolExists.c.o   -c /home/jin/workspace/catkin_ws/src/xpp/robots/xpp_hyq/build/CMakeFiles/CMakeTmp/CheckSymbolExists.c
Linking C executable cmTC_b86b0
/usr/bin/cmake -E cmake_link_script CMakeFiles/cmTC_b86b0.dir/link.txt --verbose=1
/usr/bin/cc      -rdynamic CMakeFiles/cmTC_b86b0.dir/CheckSymbolExists.c.o  -o cmTC_b86b0 
CMakeFiles/cmTC_b86b0.dir/CheckSymbolExists.c.o: In function `main':
CheckSymbolExists.c:(.text+0x1b): undefined reference to `pthread_create'
collect2: error: ld returned 1 exit status
CMakeFiles/cmTC_b86b0.dir/build.make:97: recipe for target 'cmTC_b86b0' failed
make[1]: *** [cmTC_b86b0] Error 1
make[1]: Leaving directory '/home/jin/db/xpp/robots/xpp_hyq/build/CMakeFiles/CMakeTmp'
Makefile:126: recipe for target 'cmTC_b86b0/fast' failed
make: *** [cmTC_b86b0/fast] Error 2

File /home/jin/workspace/catkin_ws/src/xpp/robots/xpp_hyq/build/CMakeFiles/CMakeTmp/CheckSymbolExists.c:
/* */
#include <pthread.h>

int main(int argc, char** argv)
{
  (void)argv;
#ifndef pthread_create
  return ((int*)(&pthread_create))[argc];
#else
  (void)argc;
  return 0;
#endif
}

Determining if the function pthread_create exists in the pthreads failed with the following output:
Change Dir: /home/jin/workspace/catkin_ws/src/xpp/robots/xpp_hyq/build/CMakeFiles/CMakeTmp

Run Build Command:"/usr/bin/make" "cmTC_16a9a/fast"
/usr/bin/make -f CMakeFiles/cmTC_16a9a.dir/build.make CMakeFiles/cmTC_16a9a.dir/build
make[1]: Entering directory '/home/jin/db/xpp/robots/xpp_hyq/build/CMakeFiles/CMakeTmp'
Building C object CMakeFiles/cmTC_16a9a.dir/CheckFunctionExists.c.o
/usr/bin/cc   -DCHECK_FUNCTION_EXISTS=pthread_create   -o CMakeFiles/cmTC_16a9a.dir/CheckFunctionExists.c.o   -c /usr/share/cmake-3.10/Modules/CheckFunctionExists.c
Linking C executable cmTC_16a9a
/usr/bin/cmake -E cmake_link_script CMakeFiles/cmTC_16a9a.dir/link.txt --verbose=1
/usr/bin/cc  -DCHECK_FUNCTION_EXISTS=pthread_create    -rdynamic CMakeFiles/cmTC_16a9a.dir/CheckFunctionExists.c.o  -o cmTC_16a9a -lpthreads 
/usr/bin/ld: cannot find -lpthreads
collect2: error: ld returned 1 exit status
CMakeFiles/cmTC_16a9a.dir/build.make:97: recipe for target 'cmTC_16a9a' failed
make[1]: *** [cmTC_16a9a] Error 1
make[1]: Leaving directory '/home/jin/db/xpp/robots/xpp_hyq/build/CMakeFiles/CMakeTmp'
Makefile:126: recipe for target 'cmTC_16a9a/fast' failed
make: *** [cmTC_16a9a/fast] Error 2


